Using pre-set license
Built from '2021.1/staging' branch; Version is '2021.1.7f1 (d91830b65d9b) revision 14227504'; Using compiler version '192528614'; Build Type 'Release'
OS: 'Windows 10 Home Single Language; OS build 18363.1556; Version 1909; 64bit' Language: 'pt' Physical Memory: 16267 MB
BatchMode: 1, IsHumanControllingUs: 0, StartBugReporterOnCrash: 0, Is64bit: 1, IsPro: 0

 COMMAND LINE ARGUMENTS:
C:\Program Files\Unity\Hub\Editor\2021.1.7f1\Editor\Unity.exe
-adb2
-batchMode
-noUpm
-name
AssetImportWorker0
-projectPath
C:/Users/tiago/Documents/GitHub/mazeBrick
-logFile
Logs/AssetImportWorker0.log
-srvPort
58160
Successfully changed project path to: C:/Users/tiago/Documents/GitHub/mazeBrick
C:/Users/tiago/Documents/GitHub/mazeBrick
Using Asset Import Pipeline V2.
Refreshing native plugins compatible for Editor in 98.98 ms, found 1 plugins.
Preloading 0 native plugins for Editor in 0.00 ms.
Initialize engine version: 2021.1.7f1 (d91830b65d9b)
[Subsystems] Discovering subsystems at path C:/Program Files/Unity/Hub/Editor/2021.1.7f1/Editor/Data/Resources/UnitySubsystems
[Subsystems] Discovering subsystems at path C:/Users/tiago/Documents/GitHub/mazeBrick/Assets
GfxDevice: creating device client; threaded=0; jobified=0
Direct3D:
    Version:  Direct3D 11.0 [level 11.1]
    Renderer: NVIDIA GeForce GTX 1060 (ID=0x1c20)
    Vendor:   NVIDIA
    VRAM:     6052 MB
    Driver:   27.21.14.5730
Initialize mono
Mono path[0] = 'C:/Program Files/Unity/Hub/Editor/2021.1.7f1/Editor/Data/Managed'
Mono path[1] = 'C:/Program Files/Unity/Hub/Editor/2021.1.7f1/Editor/Data/MonoBleedingEdge/lib/mono/unityjit'
Mono config path = 'C:/Program Files/Unity/Hub/Editor/2021.1.7f1/Editor/Data/MonoBleedingEdge/etc'
Using monoOptions --debugger-agent=transport=dt_socket,embedding=1,server=y,suspend=n,address=127.0.0.1:56756
Begin MonoManager ReloadAssembly
Registering precompiled unity dll's ...
Register platform support module: C:/Program Files/Unity/Hub/Editor/2021.1.7f1/Editor/Data/PlaybackEngines/WindowsStandaloneSupport/UnityEditor.WindowsStandalone.Extensions.dll
Registered in 0.002627 seconds.
Native extension for WindowsStandalone target not found
Refreshing native plugins compatible for Editor in 94.89 ms, found 1 plugins.
Preloading 0 native plugins for Editor in 0.00 ms.
Mono: successfully reloaded assembly
- Completed reload, in  1.658 seconds
Platform modules already initialized, skipping
Registering precompiled user dll's ...
Registered in 0.003761 seconds.
Begin MonoManager ReloadAssembly
Symbol file LoadedFromMemory doesn't match image C:\Users\tiago\Documents\GitHub\mazeBrick\Library\PackageCache\com.unity.visualscripting@1.6.1\Editor\VisualScripting.Core\Dependencies\YamlDotNet\Unity.VisualScripting.YamlDotNet.dll
Symbol file LoadedFromMemory doesn't match image C:\Users\tiago\Documents\GitHub\mazeBrick\Library\PackageCache\com.unity.visualscripting@1.6.1\Editor\VisualScripting.Core\Dependencies\DotNetZip\Unity.VisualScripting.IonicZip.dll
Native extension for WindowsStandalone target not found
Refreshing native plugins compatible for Editor in 0.56 ms, found 1 plugins.
Preloading 0 native plugins for Editor in 0.00 ms.
Mono: successfully reloaded assembly
- Completed reload, in  1.207 seconds
Platform modules already initialized, skipping
========================================================================
Worker process is ready to serve import requests
Launched and connected shader compiler UnityShaderCompiler.exe after 0.08 seconds
Refreshing native plugins compatible for Editor in 0.51 ms, found 1 plugins.
Preloading 0 native plugins for Editor in 0.00 ms.
Unloading 2682 Unused Serialized files (Serialized files now loaded: 0)
System memory in use before: 104.2 MB.
System memory in use after: 104.4 MB.

Unloading 14 unused Assets to reduce memory usage. Loaded Objects now: 3143.
Total: 2.684100 ms (FindLiveObjects: 0.212800 ms CreateObjectMapping: 0.128700 ms MarkObjects: 2.197100 ms  DeleteObjects: 0.144600 ms)

========================================================================
Received Import Request.
  path: Assets/prefabs/WallY90.prefab
  artifactKey: Guid(5146b261da27984469e78f5424339da6) Importer(815301076,1909f56bfc062723c751e8b465ee728b)
Start importing Assets/prefabs/WallY90.prefab using Guid(5146b261da27984469e78f5424339da6) Importer(815301076,1909f56bfc062723c751e8b465ee728b)  -> (artifact id: '54e5d4b2e51248a57ad97bb360c14b86') in 0.149425 seconds 
========================================================================
Received Import Request.
  Time since last request: 0.000394 seconds.
  path: Assets/prefabs/WallMedium.prefab
  artifactKey: Guid(0f3cc06390ddb624e9f347ada075fe3b) Importer(815301076,1909f56bfc062723c751e8b465ee728b)
Start importing Assets/prefabs/WallMedium.prefab using Guid(0f3cc06390ddb624e9f347ada075fe3b) Importer(815301076,1909f56bfc062723c751e8b465ee728b)  -> (artifact id: '2a712d1bdfbb904b8f74898e2b39d66d') in 0.031741 seconds 
========================================================================
Received Import Request.
  Time since last request: 0.000386 seconds.
  path: Assets/prefabs/WallY90 1.prefab
  artifactKey: Guid(744bfefbea2dac7479bd5bf6b8a68453) Importer(815301076,1909f56bfc062723c751e8b465ee728b)
Start importing Assets/prefabs/WallY90 1.prefab using Guid(744bfefbea2dac7479bd5bf6b8a68453) Importer(815301076,1909f56bfc062723c751e8b465ee728b)  -> (artifact id: '81dc1fa78607c08f7ae0d7d9abe4d9cd') in 0.027157 seconds 
========================================================================
Received Import Request.
  Time since last request: 0.000496 seconds.
  path: Assets/prefabs/WallY90 2.prefab
  artifactKey: Guid(1210856d19867fd4ea62aa1b0a634712) Importer(815301076,1909f56bfc062723c751e8b465ee728b)
Start importing Assets/prefabs/WallY90 2.prefab using Guid(1210856d19867fd4ea62aa1b0a634712) Importer(815301076,1909f56bfc062723c751e8b465ee728b)  -> (artifact id: 'c91d97e82190d3bcde1522f6f2081806') in 0.026284 seconds 
========================================================================
Received Import Request.
  Time since last request: 8.305896 seconds.
  path: Assets/prefabs/WallY90Medium.prefab
  artifactKey: Guid(5146b261da27984469e78f5424339da6) Importer(815301076,1909f56bfc062723c751e8b465ee728b)
Start importing Assets/prefabs/WallY90Medium.prefab using Guid(5146b261da27984469e78f5424339da6) Importer(815301076,1909f56bfc062723c751e8b465ee728b)  -> (artifact id: 'e2ae38a31b9d97c38650d05e8045a995') in 0.025122 seconds 
========================================================================
Received Import Request.
  Time since last request: 23.209362 seconds.
  path: Assets/prefabs/WallY90Easy.prefab
  artifactKey: Guid(744bfefbea2dac7479bd5bf6b8a68453) Importer(815301076,1909f56bfc062723c751e8b465ee728b)
Start importing Assets/prefabs/WallY90Easy.prefab using Guid(744bfefbea2dac7479bd5bf6b8a68453) Importer(815301076,1909f56bfc062723c751e8b465ee728b)  -> (artifact id: 'be8459bf581a112aed1263e49144d766') in 0.029371 seconds 
========================================================================
Received Import Request.
  Time since last request: 14.743973 seconds.
  path: Assets/prefabs/WallEasy.prefab
  artifactKey: Guid(a3c070c225db79142a93d6f59db6bc92) Importer(815301076,1909f56bfc062723c751e8b465ee728b)
Start importing Assets/prefabs/WallEasy.prefab using Guid(a3c070c225db79142a93d6f59db6bc92) Importer(815301076,1909f56bfc062723c751e8b465ee728b)  -> (artifact id: '7e09541a10805ae3b9c8e4dd9b3dfba5') in 0.028306 seconds 
========================================================================
Received Import Request.
  Time since last request: 8.131968 seconds.
  path: Assets/prefabs/WallHard.prefab
  artifactKey: Guid(938bb96933491774c8dce3b064b09f2d) Importer(815301076,1909f56bfc062723c751e8b465ee728b)
Start importing Assets/prefabs/WallHard.prefab using Guid(938bb96933491774c8dce3b064b09f2d) Importer(815301076,1909f56bfc062723c751e8b465ee728b)  -> (artifact id: '900d3e9966b1dc2ff8913b73b90fe7ed') in 0.029475 seconds 
========================================================================
Received Import Request.
  Time since last request: 11.346201 seconds.
  path: Assets/prefabs/WallY90Hard.prefab
  artifactKey: Guid(1210856d19867fd4ea62aa1b0a634712) Importer(815301076,1909f56bfc062723c751e8b465ee728b)
Start importing Assets/prefabs/WallY90Hard.prefab using Guid(1210856d19867fd4ea62aa1b0a634712) Importer(815301076,1909f56bfc062723c751e8b465ee728b)  -> (artifact id: '87c6bfb8d84296cc9ccf03a49994b254') in 0.028951 seconds 
========================================================================
Received Import Request.
  Time since last request: 206.587325 seconds.
  path: Assets/prefabs/WallMedium.prefab
  artifactKey: Guid(0f3cc06390ddb624e9f347ada075fe3b) Importer(815301076,1909f56bfc062723c751e8b465ee728b)
Start importing Assets/prefabs/WallMedium.prefab using Guid(0f3cc06390ddb624e9f347ada075fe3b) Importer(815301076,1909f56bfc062723c751e8b465ee728b)  -> (artifact id: '0894ff148b6b70b6a0c9c743bf79971a') in 0.025999 seconds 
========================================================================
Received Import Request.
  Time since last request: 0.000392 seconds.
  path: Assets/prefabs/WallY90Medium.prefab
  artifactKey: Guid(5146b261da27984469e78f5424339da6) Importer(815301076,1909f56bfc062723c751e8b465ee728b)
Start importing Assets/prefabs/WallY90Medium.prefab using Guid(5146b261da27984469e78f5424339da6) Importer(815301076,1909f56bfc062723c751e8b465ee728b)  -> (artifact id: '78df2e7b2d95e10b825f7dfab027610c') in 0.028454 seconds 
========================================================================
Received Import Request.
  Time since last request: 0.000353 seconds.
  path: Assets/prefabs/WallY90Easy.prefab
  artifactKey: Guid(744bfefbea2dac7479bd5bf6b8a68453) Importer(815301076,1909f56bfc062723c751e8b465ee728b)
Start importing Assets/prefabs/WallY90Easy.prefab using Guid(744bfefbea2dac7479bd5bf6b8a68453) Importer(815301076,1909f56bfc062723c751e8b465ee728b)  -> (artifact id: '550492b10cd06b81ccd3d89e072bf105') in 0.025783 seconds 
========================================================================
Received Import Request.
  Time since last request: 0.000394 seconds.
  path: Assets/prefabs/WallY90Hard.prefab
  artifactKey: Guid(1210856d19867fd4ea62aa1b0a634712) Importer(815301076,1909f56bfc062723c751e8b465ee728b)
Start importing Assets/prefabs/WallY90Hard.prefab using Guid(1210856d19867fd4ea62aa1b0a634712) Importer(815301076,1909f56bfc062723c751e8b465ee728b)  -> (artifact id: '1b73866ccac73821c78cc0e4e625519b') in 0.024373 seconds 
========================================================================
Received Import Request.
  Time since last request: 3839.841047 seconds.
  path: Assets/Textures/Floor_Roof/New Material.mat
  artifactKey: Guid(1523228da9ca5194ba365569921b8d05) Importer(815301076,1909f56bfc062723c751e8b465ee728b)
Start importing Assets/Textures/Floor_Roof/New Material.mat using Guid(1523228da9ca5194ba365569921b8d05) Importer(815301076,1909f56bfc062723c751e8b465ee728b)  -> (artifact id: '88f74296a19609d8a9498f025a0a6a7e') in 0.089575 seconds 
========================================================================
Received Import Request.
  Time since last request: 215.215223 seconds.
  path: Assets/Textures/Floor_Roof/New Material.mat
  artifactKey: Guid(1523228da9ca5194ba365569921b8d05) Importer(815301076,1909f56bfc062723c751e8b465ee728b)
Start importing Assets/Textures/Floor_Roof/New Material.mat using Guid(1523228da9ca5194ba365569921b8d05) Importer(815301076,1909f56bfc062723c751e8b465ee728b)  -> (artifact id: 'c577d2082b40f1e16955eaa406a95b61') in 0.020024 seconds 
========================================================================
Received Import Request.
  Time since last request: 1960.975906 seconds.
  path: Assets/prefabs/Capsule.prefab
  artifactKey: Guid(62f2a018c16faaf42b13a919858f643e) Importer(815301076,1909f56bfc062723c751e8b465ee728b)
Start importing Assets/prefabs/Capsule.prefab using Guid(62f2a018c16faaf42b13a919858f643e) Importer(815301076,1909f56bfc062723c751e8b465ee728b)  -> (artifact id: '62b8bf405a0c82f254d1348fdfaf6399') in 0.034989 seconds 
========================================================================
Received Import Request.
  Time since last request: 7127.787170 seconds.
  path: Assets/Textures/Wood_004
  artifactKey: Guid(50648847c2d2de7478dc56fa22da0daa) Importer(815301076,1909f56bfc062723c751e8b465ee728b)
Start importing Assets/Textures/Wood_004 using Guid(50648847c2d2de7478dc56fa22da0daa) Importer(815301076,1909f56bfc062723c751e8b465ee728b)  -> (artifact id: '2da08c9d83d4a65ce8b8b3699cee824c') in 0.010949 seconds 
========================================================================
Received Import Request.
  Time since last request: 77.914205 seconds.
  path: Assets/Textures/Floor_Roof/Bricks_01_mat2Medium.mat
  artifactKey: Guid(333a08b54ec5eec4f84f74d910ad751e) Importer(815301076,1909f56bfc062723c751e8b465ee728b)
Start importing Assets/Textures/Floor_Roof/Bricks_01_mat2Medium.mat using Guid(333a08b54ec5eec4f84f74d910ad751e) Importer(815301076,1909f56bfc062723c751e8b465ee728b)  -> (artifact id: 'fab118c209356a75bc84c41f109d34ec') in 0.075268 seconds 
AssetImportWorkerClient::OnTransportError - code=2 error=End of file
